<?xml version="1.0" encoding="UTF-8"?>
<testsuite name="PieceTests" tests="2" skipped="0" failures="0" errors="0" timestamp="2023-12-19T17:31:46" hostname="lmde5" time="0.003">
  <properties/>
  <testcase name="testConstructorParametrizedCreated" classname="PieceTests" time="0.003"/>
  <testcase name="pieceTypeFieldTest" classname="PieceTests" time="0.0"/>
  <system-out><![CDATA[]]></system-out>
  <system-err><![CDATA[]]></system-err>
</testsuite>
